PRT1
46
60
4 0 15 (1520 0 160 ) (1344 0 160 ) (1344 0 16 ) (1520 0 16 ) 
4 0 1 (1344 256 16 ) (1344 144 16 ) (1344 144 160 ) (1344 256 160 ) 
4 1 2 (1328 256 16 ) (1328 144 16 ) (1328 144 160 ) (1328 256 160 ) 
4 2 4 (1200 128 16 ) (1200 16 16 ) (1200 16 160 ) (1200 128 160 ) 
4 2 3 (1200 368 16 ) (1200 272 16 ) (1200 272 160 ) (1200 368 160 ) 
4 3 6 (1024 272 160 ) (1024 368 160 ) (1024 368 16 ) (1024 272 16 ) 
4 4 16 (1200 0 160 ) (1056 0 160 ) (1056 0 16 ) (1200 0 16 ) 
4 5 17 (1040 0 160 ) (1024 0 160 ) (1024 0 16 ) (1040 0 16 ) 
4 5 14 (1024 0 16 ) (1024 0 160 ) (1024 16 160 ) (1024 16 16 ) 
4 5 9 (1024 16 160 ) (1024 144 160 ) (1024 144 16 ) (1024 16 16 ) 
4 5 7 (1024 144 160 ) (1024 256 160 ) (1024 256 16 ) (1024 144 16 ) 
4 6 8 (752 368 160 ) (752 368 16 ) (752 272 16 ) (752 272 160 ) 
4 7 10 (768 144 16 ) (896 144 16 ) (896 144 160 ) (768 144 160 ) 
4 7 9 (912 144 16 ) (1024 144 16 ) (1024 144 160 ) (912 144 160 ) 
4 7 8 (752 256 16 ) (752 144 16 ) (752 144 160 ) (752 256 160 ) 
4 9 14 (912 16 16 ) (1024 16 16 ) (1024 16 160 ) (912 16 160 ) 
4 10 11 (768 128 16 ) (768 16 16 ) (768 16 160 ) (768 128 160 ) 
4 11 12 (624 128 16 ) (624 16 16 ) (624 16 160 ) (624 128 160 ) 
4 12 13 (608 128 16 ) (608 16 16 ) (608 16 160 ) (608 128 160 ) 
4 14 44 (1024 0 16 ) (1024 0 160 ) (912 0 160 ) (912 0 16 ) 
4 16 20 (1280 -48 16 ) (1280 -96 16 ) (1232 -96 16 ) (1232 -48 16 ) 
4 17 44 (1024 0 160 ) (1024 0 16 ) (1024 -128 16 ) (1024 -128 160 ) 
4 18 21 (1056 -368 16 ) (1056 -320 16 ) (1168 -320 16 ) (1168 -368 16 ) 
4 19 45 (1024 -144 16 ) (1024 -624 16 ) (1024 -624 160 ) (1024 -144 160 ) 
4 20 26 (1280 -48 0 ) (1280 -96 0 ) (1232 -96 0 ) (1232 -48 0 ) 
4 21 32 (1056 -320 0 ) (1168 -320 0 ) (1168 -368 0 ) (1056 -368 0 ) 
4 22 33 (1312 -48 -32 ) (1520 -48 -32 ) (1520 -256 -32 ) (1312 -256 -32 ) 
4 22 26 (1312 -48 0 ) (1312 -48 -32 ) (1312 -256 -32 ) (1312 -256 0 ) 
4 22 24 (1312 -256 0 ) (1312 -256 -32 ) (1408 -256 -32 ) (1408 -256 0 ) 
4 22 23 (1424 -256 -32 ) (1520 -256 -32 ) (1520 -256 0 ) (1424 -256 0 ) 
4 23 34 (1520 -512 -32 ) (1424 -512 -32 ) (1424 -256 -32 ) (1520 -256 -32 ) 
4 24 35 (1312 -512 -32 ) (1312 -256 -32 ) (1408 -256 -32 ) (1408 -512 -32 ) 
4 24 29 (1312 -400 -32 ) (1312 -512 -32 ) (1312 -512 0 ) (1312 -400 0 ) 
4 25 36 (1408 -624 -32 ) (1312 -624 -32 ) (1312 -528 -32 ) (1408 -528 -32 ) 
4 25 31 (1312 -528 -32 ) (1312 -624 -32 ) (1312 -624 0 ) (1312 -528 0 ) 
4 26 39 (1312 -144 -32 ) (1312 -256 -32 ) (1184 -256 -32 ) (1184 -144 -32 ) 
4 26 37 (1184 -48 -32 ) (1312 -48 -32 ) (1312 -144 -32 ) (1184 -144 -32 ) 
4 26 27 (1184 -144 -32 ) (1184 -256 -32 ) (1184 -256 0 ) (1184 -144 0 ) 
4 27 39 (1184 -144 -32 ) (1184 -256 -32 ) (1168 -256 -32 ) (1168 -144 -32 ) 
4 27 28 (1168 -144 -32 ) (1168 -256 -32 ) (1168 -256 0 ) (1168 -144 0 ) 
4 28 39 (1168 -144 -32 ) (1168 -256 -32 ) (1056 -256 -32 ) (1056 -144 -32 ) 
4 28 38 (1056 -48 -32 ) (1168 -48 -32 ) (1168 -144 -32 ) (1056 -144 -32 ) 
4 29 40 (1312 -400 -32 ) (1312 -512 -32 ) (1296 -512 -32 ) (1296 -400 -32 ) 
4 29 30 (1296 -400 -32 ) (1296 -512 -32 ) (1296 -512 0 ) (1296 -400 0 ) 
4 30 41 (1296 -400 -32 ) (1296 -528 -32 ) (1184 -528 -32 ) (1184 -400 -32 ) 
4 30 31 (1184 -528 -32 ) (1296 -528 -32 ) (1296 -528 0 ) (1184 -528 0 ) 
4 31 42 (1312 -528 -32 ) (1312 -624 -32 ) (1168 -624 -32 ) (1168 -528 -32 ) 
4 31 32 (1168 -528 -32 ) (1168 -624 -32 ) (1168 -624 0 ) (1168 -528 0 ) 
4 32 43 (1056 -272 -32 ) (1168 -272 -32 ) (1168 -624 -32 ) (1056 -624 -32 ) 
4 33 39 (1312 -144 -160 ) (1312 -256 -160 ) (1312 -256 -32 ) (1312 -144 -32 ) 
4 33 37 (1312 -48 -32 ) (1312 -48 -160 ) (1312 -144 -160 ) (1312 -144 -32 ) 
4 33 35 (1312 -256 -32 ) (1312 -256 -160 ) (1408 -256 -160 ) (1408 -256 -32 ) 
4 33 34 (1424 -256 -160 ) (1520 -256 -160 ) (1520 -256 -32 ) (1424 -256 -32 ) 
4 35 40 (1312 -400 -160 ) (1312 -512 -160 ) (1312 -512 -32 ) (1312 -400 -32 ) 
4 36 42 (1312 -528 -160 ) (1312 -624 -160 ) (1312 -624 -32 ) (1312 -528 -32 ) 
4 37 39 (1184 -144 -160 ) (1312 -144 -160 ) (1312 -144 -32 ) (1184 -144 -32 ) 
4 38 39 (1056 -144 -32 ) (1056 -144 -160 ) (1168 -144 -160 ) (1168 -144 -32 ) 
4 40 41 (1296 -400 -160 ) (1296 -512 -160 ) (1296 -512 -32 ) (1296 -400 -32 ) 
4 41 42 (1184 -528 -160 ) (1296 -528 -160 ) (1296 -528 -32 ) (1184 -528 -32 ) 
4 42 43 (1168 -528 -160 ) (1168 -624 -160 ) (1168 -624 -32 ) (1168 -528 -32 ) 
